

============================== 2022-05-02 13:48:41.649001 | d2d476eb-ced1-4c03-8afc-9ac1bea8778a ==============================
13:48:41.649014 [info ] [MainThread]: Running with dbt=1.1.0
13:48:41.649325 [debug] [MainThread]: running dbt with arguments {'write_json': True, 'use_colors': True, 'printer_width': 80, 'version_check': True, 'partial_parse': True, 'static_parser': True, 'profiles_dir': '/Users/kris/.dbt', 'send_anonymous_usage_stats': True, 'event_buffer_size': 100000, 'quiet': False, 'no_print': False, 'skip_profile_setup': False, 'which': 'init', 'indirect_selection': 'eager'}
13:48:41.649425 [debug] [MainThread]: Tracking: tracking
13:48:41.660903 [debug] [MainThread]: Sending event: {'category': 'dbt', 'action': 'invocation', 'label': 'start', 'context': [<snowplow_tracker.self_describing_json.SelfDescribingJson object at 0x7ff6d9d301f0>, <snowplow_tracker.self_describing_json.SelfDescribingJson object at 0x7ff6d9d2bb50>, <snowplow_tracker.self_describing_json.SelfDescribingJson object at 0x7ff6d9d2bc40>]}
13:48:44.275407 [debug] [MainThread]: Starter project path: /Users/kris/.virtualenvs/capstone/lib/python3.8/site-packages/dbt/include/starter_project
13:53:12.078593 [info ] [MainThread]: Profile capstone written to /Users/kris/.dbt/profiles.yml using target's profile_template.yml and your supplied values. Run 'dbt debug' to validate the connection.
13:53:12.081123 [info ] [MainThread]: 
Your new dbt project "capstone" was created!

For more information on how to configure the profiles.yml file,
please consult the dbt documentation here:

  https://docs.getdbt.com/docs/configure-your-profile

One more thing:

Need help? Don't hesitate to reach out to us via GitHub issues or on Slack:

  https://community.getdbt.com/

Happy modeling!

13:53:12.082449 [debug] [MainThread]: Sending event: {'category': 'dbt', 'action': 'invocation', 'label': 'end', 'context': [<snowplow_tracker.self_describing_json.SelfDescribingJson object at 0x7ff6d9d2bc70>, <snowplow_tracker.self_describing_json.SelfDescribingJson object at 0x7ff6d9d2bc40>, <snowplow_tracker.self_describing_json.SelfDescribingJson object at 0x7ff6d9d2bbb0>]}


============================== 2022-05-17 12:59:23.110283 | 482dfd4d-314c-4a41-a2bb-336dc5872c62 ==============================
12:59:23.110321 [info ] [MainThread]: Running with dbt=1.1.0
12:59:23.110974 [debug] [MainThread]: running dbt with arguments {'write_json': True, 'use_colors': True, 'printer_width': 80, 'version_check': True, 'partial_parse': True, 'static_parser': True, 'profiles_dir': '/Users/kris/.dbt', 'send_anonymous_usage_stats': True, 'event_buffer_size': 100000, 'quiet': False, 'no_print': False, 'indirect_selection': 'eager', 'which': 'test', 'rpc_method': 'test'}
12:59:23.111111 [debug] [MainThread]: Tracking: tracking
12:59:23.128903 [debug] [MainThread]: Sending event: {'category': 'dbt', 'action': 'invocation', 'label': 'start', 'context': [<snowplow_tracker.self_describing_json.SelfDescribingJson object at 0x7fda6ad85be0>, <snowplow_tracker.self_describing_json.SelfDescribingJson object at 0x7fda6ad85eb0>, <snowplow_tracker.self_describing_json.SelfDescribingJson object at 0x7fda6ad85fd0>]}
12:59:23.156576 [debug] [MainThread]: Partial parsing enabled: 0 files deleted, 0 files added, 1 files changed.
12:59:23.156898 [debug] [MainThread]: Partial parsing: deleted source source.capstone.ecommerce.customers
12:59:23.157004 [debug] [MainThread]: Partial parsing: deleted source source.capstone.ecommerce.geolocations
12:59:23.157090 [debug] [MainThread]: Partial parsing: deleted source source.capstone.ecommerce.order_items
12:59:23.157172 [debug] [MainThread]: Partial parsing: deleted source source.capstone.ecommerce.order_payments
12:59:23.157250 [debug] [MainThread]: Partial parsing: deleted source source.capstone.ecommerce.order_reviews
12:59:23.157330 [debug] [MainThread]: Partial parsing: deleted source source.capstone.ecommerce.orders
12:59:23.157408 [debug] [MainThread]: Partial parsing: deleted source source.capstone.ecommerce.product_category_name_translation
12:59:23.157489 [debug] [MainThread]: Partial parsing: deleted source source.capstone.ecommerce.products
12:59:23.157576 [debug] [MainThread]: Partial parsing: deleted source source.capstone.ecommerce.sellers
12:59:23.157721 [debug] [MainThread]: Partial parsing: updated file: capstone://macros/test_null_value_threshold.sql
12:59:23.157839 [debug] [MainThread]: Parsing macros/test_null_value_threshold.sql
12:59:23.223266 [warn ] [MainThread]: [[33mWARNING[0m]: Configuration paths exist in your dbt_project.yml file which do not apply to any resources.
There are 1 unused configuration paths:
- models.capstone.example

12:59:23.227564 [debug] [MainThread]: Sending event: {'category': 'dbt', 'action': 'load_project', 'label': '482dfd4d-314c-4a41-a2bb-336dc5872c62', 'context': [<snowplow_tracker.self_describing_json.SelfDescribingJson object at 0x7fda6af0a1c0>]}
12:59:23.233973 [debug] [MainThread]: Sending event: {'category': 'dbt', 'action': 'resource_counts', 'label': '482dfd4d-314c-4a41-a2bb-336dc5872c62', 'context': [<snowplow_tracker.self_describing_json.SelfDescribingJson object at 0x7fda6ae68dc0>]}
12:59:23.234237 [info ] [MainThread]: Found 0 models, 18 tests, 0 snapshots, 0 analyses, 192 macros, 0 operations, 1 seed file, 9 sources, 0 exposures, 0 metrics
12:59:23.234441 [debug] [MainThread]: Sending event: {'category': 'dbt', 'action': 'runnable_timing', 'label': '482dfd4d-314c-4a41-a2bb-336dc5872c62', 'context': [<snowplow_tracker.self_describing_json.SelfDescribingJson object at 0x7fda6ae2c070>]}
12:59:23.236115 [info ] [MainThread]: 
12:59:23.236498 [debug] [MainThread]: Acquiring new bigquery connection "master"
12:59:23.238501 [debug] [ThreadPool]: Acquiring new bigquery connection "list_ae-capstone-transformed"
12:59:23.238712 [debug] [ThreadPool]: Opening a new connection, currently in state init
12:59:24.413673 [debug] [ThreadPool]: Acquiring new bigquery connection "list_ae-capstone-transformed_dbt_ksand"
12:59:24.414165 [debug] [ThreadPool]: Opening a new connection, currently in state closed
12:59:24.414564 [debug] [ThreadPool]: Acquiring new bigquery connection "list_ae-capstone-transformed_dbt_ksand_dbt_test__audit"
12:59:24.416683 [debug] [ThreadPool]: Opening a new connection, currently in state init
12:59:24.633691 [debug] [MainThread]: Sending event: {'category': 'dbt', 'action': 'runnable_timing', 'label': '482dfd4d-314c-4a41-a2bb-336dc5872c62', 'context': [<snowplow_tracker.self_describing_json.SelfDescribingJson object at 0x7fda6ad3eaf0>]}
12:59:24.634443 [info ] [MainThread]: Concurrency: 4 threads (target='dev')
12:59:24.634814 [info ] [MainThread]: 
12:59:24.640892 [debug] [Thread-1  ]: Began running node test.capstone.source_not_null_ecommerce_customers_customer_id.e87b1f2c91
12:59:24.641171 [debug] [Thread-2  ]: Began running node test.capstone.source_not_null_ecommerce_geolocations_geolocation_zip_code_prefix.962c5d55a7
12:59:24.641392 [debug] [Thread-3  ]: Began running node test.capstone.source_not_null_ecommerce_order_items_order_item_id.b85709a58c
12:59:24.641594 [debug] [Thread-4  ]: Began running node test.capstone.source_not_null_ecommerce_order_payments_order_id.a8e2251f67
12:59:24.641828 [info ] [Thread-1  ]: 1 of 18 START test source_not_null_ecommerce_customers_customer_id ............. [RUN]
12:59:24.642097 [info ] [Thread-2  ]: 2 of 18 START test source_not_null_ecommerce_geolocations_geolocation_zip_code_prefix  [RUN]
12:59:24.642302 [info ] [Thread-3  ]: 3 of 18 START test source_not_null_ecommerce_order_items_order_item_id ......... [RUN]
12:59:24.642504 [info ] [Thread-4  ]: 4 of 18 START test source_not_null_ecommerce_order_payments_order_id ........... [RUN]
12:59:24.643096 [debug] [Thread-1  ]: Acquiring new bigquery connection "test.capstone.source_not_null_ecommerce_customers_customer_id.e87b1f2c91"
12:59:24.643590 [debug] [Thread-2  ]: Acquiring new bigquery connection "test.capstone.source_not_null_ecommerce_geolocations_geolocation_zip_code_prefix.962c5d55a7"
12:59:24.644047 [debug] [Thread-3  ]: Acquiring new bigquery connection "test.capstone.source_not_null_ecommerce_order_items_order_item_id.b85709a58c"
12:59:24.644494 [debug] [Thread-4  ]: Acquiring new bigquery connection "test.capstone.source_not_null_ecommerce_order_payments_order_id.a8e2251f67"
12:59:24.644686 [debug] [Thread-1  ]: Began compiling node test.capstone.source_not_null_ecommerce_customers_customer_id.e87b1f2c91
12:59:24.644852 [debug] [Thread-2  ]: Began compiling node test.capstone.source_not_null_ecommerce_geolocations_geolocation_zip_code_prefix.962c5d55a7
12:59:24.645027 [debug] [Thread-3  ]: Began compiling node test.capstone.source_not_null_ecommerce_order_items_order_item_id.b85709a58c
12:59:24.645182 [debug] [Thread-4  ]: Began compiling node test.capstone.source_not_null_ecommerce_order_payments_order_id.a8e2251f67
12:59:24.645399 [debug] [Thread-1  ]: Compiling test.capstone.source_not_null_ecommerce_customers_customer_id.e87b1f2c91
12:59:24.645557 [debug] [Thread-2  ]: Compiling test.capstone.source_not_null_ecommerce_geolocations_geolocation_zip_code_prefix.962c5d55a7
12:59:24.645713 [debug] [Thread-3  ]: Compiling test.capstone.source_not_null_ecommerce_order_items_order_item_id.b85709a58c
12:59:24.645864 [debug] [Thread-4  ]: Compiling test.capstone.source_not_null_ecommerce_order_payments_order_id.a8e2251f67
12:59:24.657473 [debug] [Thread-1  ]: Writing injected SQL for node "test.capstone.source_not_null_ecommerce_customers_customer_id.e87b1f2c91"
12:59:24.661213 [debug] [Thread-2  ]: Writing injected SQL for node "test.capstone.source_not_null_ecommerce_geolocations_geolocation_zip_code_prefix.962c5d55a7"
12:59:24.665711 [debug] [Thread-4  ]: Writing injected SQL for node "test.capstone.source_not_null_ecommerce_order_payments_order_id.a8e2251f67"
12:59:24.670821 [debug] [Thread-3  ]: Writing injected SQL for node "test.capstone.source_not_null_ecommerce_order_items_order_item_id.b85709a58c"
12:59:24.671428 [debug] [Thread-4  ]: finished collecting timing info
12:59:24.671608 [debug] [Thread-1  ]: finished collecting timing info
12:59:24.671750 [debug] [Thread-2  ]: finished collecting timing info
12:59:24.671920 [debug] [Thread-4  ]: Began executing node test.capstone.source_not_null_ecommerce_order_payments_order_id.a8e2251f67
12:59:24.672093 [debug] [Thread-1  ]: Began executing node test.capstone.source_not_null_ecommerce_customers_customer_id.e87b1f2c91
12:59:24.672256 [debug] [Thread-2  ]: Began executing node test.capstone.source_not_null_ecommerce_geolocations_geolocation_zip_code_prefix.962c5d55a7
12:59:24.672408 [debug] [Thread-3  ]: finished collecting timing info
12:59:24.687816 [debug] [Thread-4  ]: Writing runtime SQL for node "test.capstone.source_not_null_ecommerce_order_payments_order_id.a8e2251f67"
12:59:24.689044 [debug] [Thread-1  ]: Writing runtime SQL for node "test.capstone.source_not_null_ecommerce_customers_customer_id.e87b1f2c91"
12:59:24.690148 [debug] [Thread-2  ]: Writing runtime SQL for node "test.capstone.source_not_null_ecommerce_geolocations_geolocation_zip_code_prefix.962c5d55a7"
12:59:24.690337 [debug] [Thread-3  ]: Began executing node test.capstone.source_not_null_ecommerce_order_items_order_item_id.b85709a58c
12:59:24.692149 [debug] [Thread-3  ]: Writing runtime SQL for node "test.capstone.source_not_null_ecommerce_order_items_order_item_id.b85709a58c"
12:59:24.692364 [debug] [Thread-4  ]: Opening a new connection, currently in state init
12:59:24.692484 [debug] [Thread-1  ]: Opening a new connection, currently in state closed
12:59:24.692592 [debug] [Thread-2  ]: Opening a new connection, currently in state closed
12:59:24.692806 [debug] [Thread-4  ]: On test.capstone.source_not_null_ecommerce_order_payments_order_id.a8e2251f67: /* {"app": "dbt", "dbt_version": "1.1.0", "profile_name": "capstone", "target_name": "dev", "node_id": "test.capstone.source_not_null_ecommerce_order_payments_order_id.a8e2251f67"} */
select
      count(*) as failures,
      count(*) != 0 as should_warn,
      count(*) != 0 as should_error
    from (
      
    
    



select order_id
from `ae-capstone-raw`.`ecommerce`.`order_payments`
where order_id is null



      
    ) dbt_internal_test
12:59:24.692976 [debug] [Thread-1  ]: On test.capstone.source_not_null_ecommerce_customers_customer_id.e87b1f2c91: /* {"app": "dbt", "dbt_version": "1.1.0", "profile_name": "capstone", "target_name": "dev", "node_id": "test.capstone.source_not_null_ecommerce_customers_customer_id.e87b1f2c91"} */
select
      count(*) as failures,
      count(*) != 0 as should_warn,
      count(*) != 0 as should_error
    from (
      
    
    



select customer_id
from `ae-capstone-raw`.`ecommerce`.`customers`
where customer_id is null



      
    ) dbt_internal_test
12:59:24.693120 [debug] [Thread-2  ]: On test.capstone.source_not_null_ecommerce_geolocations_geolocation_zip_code_prefix.962c5d55a7: /* {"app": "dbt", "dbt_version": "1.1.0", "profile_name": "capstone", "target_name": "dev", "node_id": "test.capstone.source_not_null_ecommerce_geolocations_geolocation_zip_code_prefix.962c5d55a7"} */
select
      count(*) as failures,
      count(*) != 0 as should_warn,
      count(*) != 0 as should_error
    from (
      
    
    



select geolocation_zip_code_prefix
from `ae-capstone-raw`.`ecommerce`.`geolocations`
where geolocation_zip_code_prefix is null



      
    ) dbt_internal_test
12:59:24.693265 [debug] [Thread-3  ]: Opening a new connection, currently in state init
12:59:24.695220 [debug] [Thread-3  ]: On test.capstone.source_not_null_ecommerce_order_items_order_item_id.b85709a58c: /* {"app": "dbt", "dbt_version": "1.1.0", "profile_name": "capstone", "target_name": "dev", "node_id": "test.capstone.source_not_null_ecommerce_order_items_order_item_id.b85709a58c"} */
select
      count(*) as failures,
      count(*) != 0 as should_warn,
      count(*) != 0 as should_error
    from (
      
    
    



select order_item_id
from `ae-capstone-raw`.`ecommerce`.`order_items`
where order_item_id is null



      
    ) dbt_internal_test
12:59:25.923927 [debug] [Thread-1  ]: finished collecting timing info
12:59:25.924663 [info ] [Thread-1  ]: 1 of 18 PASS source_not_null_ecommerce_customers_customer_id ................... [[32mPASS[0m in 1.28s]
12:59:25.925258 [debug] [Thread-1  ]: Finished running node test.capstone.source_not_null_ecommerce_customers_customer_id.e87b1f2c91
12:59:25.925486 [debug] [Thread-1  ]: Began running node test.capstone.source_not_null_ecommerce_order_reviews_review_answer_timestamp.bc84aa7fd8
12:59:25.925788 [info ] [Thread-1  ]: 5 of 18 START test source_not_null_ecommerce_order_reviews_review_answer_timestamp  [RUN]
12:59:25.926295 [debug] [Thread-1  ]: Acquiring new bigquery connection "test.capstone.source_not_null_ecommerce_order_reviews_review_answer_timestamp.bc84aa7fd8"
12:59:25.926484 [debug] [Thread-1  ]: Began compiling node test.capstone.source_not_null_ecommerce_order_reviews_review_answer_timestamp.bc84aa7fd8
12:59:25.926653 [debug] [Thread-1  ]: Compiling test.capstone.source_not_null_ecommerce_order_reviews_review_answer_timestamp.bc84aa7fd8
12:59:25.931242 [debug] [Thread-1  ]: Writing injected SQL for node "test.capstone.source_not_null_ecommerce_order_reviews_review_answer_timestamp.bc84aa7fd8"
12:59:25.931941 [debug] [Thread-1  ]: finished collecting timing info
12:59:25.932151 [debug] [Thread-1  ]: Began executing node test.capstone.source_not_null_ecommerce_order_reviews_review_answer_timestamp.bc84aa7fd8
12:59:25.934186 [debug] [Thread-1  ]: Writing runtime SQL for node "test.capstone.source_not_null_ecommerce_order_reviews_review_answer_timestamp.bc84aa7fd8"
12:59:25.934672 [debug] [Thread-1  ]: Opening a new connection, currently in state closed
12:59:25.934903 [debug] [Thread-1  ]: On test.capstone.source_not_null_ecommerce_order_reviews_review_answer_timestamp.bc84aa7fd8: /* {"app": "dbt", "dbt_version": "1.1.0", "profile_name": "capstone", "target_name": "dev", "node_id": "test.capstone.source_not_null_ecommerce_order_reviews_review_answer_timestamp.bc84aa7fd8"} */
select
      count(*) as failures,
      count(*) != 0 as should_warn,
      count(*) != 0 as should_error
    from (
      
    
    



select review_answer_timestamp
from `ae-capstone-raw`.`ecommerce`.`order_reviews`
where review_answer_timestamp is null



      
    ) dbt_internal_test
12:59:25.959218 [debug] [Thread-3  ]: finished collecting timing info
12:59:25.959708 [info ] [Thread-3  ]: 3 of 18 PASS source_not_null_ecommerce_order_items_order_item_id ............... [[32mPASS[0m in 1.32s]
12:59:25.960180 [debug] [Thread-3  ]: Finished running node test.capstone.source_not_null_ecommerce_order_items_order_item_id.b85709a58c
12:59:25.960398 [debug] [Thread-3  ]: Began running node test.capstone.source_not_null_ecommerce_orders_order_id.be9cf9aeff
12:59:25.960683 [info ] [Thread-3  ]: 6 of 18 START test source_not_null_ecommerce_orders_order_id ................... [RUN]
12:59:25.961158 [debug] [Thread-3  ]: Acquiring new bigquery connection "test.capstone.source_not_null_ecommerce_orders_order_id.be9cf9aeff"
12:59:25.961332 [debug] [Thread-3  ]: Began compiling node test.capstone.source_not_null_ecommerce_orders_order_id.be9cf9aeff
12:59:25.961542 [debug] [Thread-3  ]: Compiling test.capstone.source_not_null_ecommerce_orders_order_id.be9cf9aeff
12:59:25.966093 [debug] [Thread-3  ]: Writing injected SQL for node "test.capstone.source_not_null_ecommerce_orders_order_id.be9cf9aeff"
12:59:25.967187 [debug] [Thread-3  ]: finished collecting timing info
12:59:25.967395 [debug] [Thread-3  ]: Began executing node test.capstone.source_not_null_ecommerce_orders_order_id.be9cf9aeff
12:59:25.970321 [debug] [Thread-3  ]: Writing runtime SQL for node "test.capstone.source_not_null_ecommerce_orders_order_id.be9cf9aeff"
12:59:25.970804 [debug] [Thread-3  ]: Opening a new connection, currently in state closed
12:59:25.971026 [debug] [Thread-3  ]: On test.capstone.source_not_null_ecommerce_orders_order_id.be9cf9aeff: /* {"app": "dbt", "dbt_version": "1.1.0", "profile_name": "capstone", "target_name": "dev", "node_id": "test.capstone.source_not_null_ecommerce_orders_order_id.be9cf9aeff"} */
select
      count(*) as failures,
      count(*) != 0 as should_warn,
      count(*) != 0 as should_error
    from (
      
    
    



select order_id
from `ae-capstone-raw`.`ecommerce`.`orders`
where order_id is null



      
    ) dbt_internal_test
12:59:25.989835 [debug] [Thread-2  ]: finished collecting timing info
12:59:25.990261 [info ] [Thread-2  ]: 2 of 18 PASS source_not_null_ecommerce_geolocations_geolocation_zip_code_prefix  [[32mPASS[0m in 1.35s]
12:59:25.990643 [debug] [Thread-2  ]: Finished running node test.capstone.source_not_null_ecommerce_geolocations_geolocation_zip_code_prefix.962c5d55a7
12:59:25.990880 [debug] [Thread-2  ]: Began running node test.capstone.source_not_null_ecommerce_orders_order_purchase_timestamp.3256e3374f
12:59:25.991056 [info ] [Thread-2  ]: 7 of 18 START test source_not_null_ecommerce_orders_order_purchase_timestamp ... [RUN]
12:59:25.991662 [debug] [Thread-2  ]: Acquiring new bigquery connection "test.capstone.source_not_null_ecommerce_orders_order_purchase_timestamp.3256e3374f"
12:59:25.991863 [debug] [Thread-2  ]: Began compiling node test.capstone.source_not_null_ecommerce_orders_order_purchase_timestamp.3256e3374f
12:59:25.992038 [debug] [Thread-2  ]: Compiling test.capstone.source_not_null_ecommerce_orders_order_purchase_timestamp.3256e3374f
12:59:25.996218 [debug] [Thread-2  ]: Writing injected SQL for node "test.capstone.source_not_null_ecommerce_orders_order_purchase_timestamp.3256e3374f"
12:59:25.996768 [debug] [Thread-2  ]: finished collecting timing info
12:59:25.996959 [debug] [Thread-2  ]: Began executing node test.capstone.source_not_null_ecommerce_orders_order_purchase_timestamp.3256e3374f
12:59:25.998748 [debug] [Thread-2  ]: Writing runtime SQL for node "test.capstone.source_not_null_ecommerce_orders_order_purchase_timestamp.3256e3374f"
12:59:25.999385 [debug] [Thread-2  ]: Opening a new connection, currently in state closed
12:59:25.999611 [debug] [Thread-2  ]: On test.capstone.source_not_null_ecommerce_orders_order_purchase_timestamp.3256e3374f: /* {"app": "dbt", "dbt_version": "1.1.0", "profile_name": "capstone", "target_name": "dev", "node_id": "test.capstone.source_not_null_ecommerce_orders_order_purchase_timestamp.3256e3374f"} */
select
      count(*) as failures,
      count(*) != 0 as should_warn,
      count(*) != 0 as should_error
    from (
      
    
    



select order_purchase_timestamp
from `ae-capstone-raw`.`ecommerce`.`orders`
where order_purchase_timestamp is null



      
    ) dbt_internal_test
12:59:26.042140 [debug] [Thread-4  ]: finished collecting timing info
12:59:26.042796 [info ] [Thread-4  ]: 4 of 18 PASS source_not_null_ecommerce_order_payments_order_id ................. [[32mPASS[0m in 1.40s]
12:59:26.043199 [debug] [Thread-4  ]: Finished running node test.capstone.source_not_null_ecommerce_order_payments_order_id.a8e2251f67
12:59:26.043457 [debug] [Thread-4  ]: Began running node test.capstone.source_not_null_ecommerce_product_category_name_translation_string_field_0.141d64a8d4
12:59:26.043690 [info ] [Thread-4  ]: 8 of 18 START test source_not_null_ecommerce_product_category_name_translation_string_field_0  [RUN]
12:59:26.044103 [debug] [Thread-4  ]: Acquiring new bigquery connection "test.capstone.source_not_null_ecommerce_product_category_name_translation_string_field_0.141d64a8d4"
12:59:26.044261 [debug] [Thread-4  ]: Began compiling node test.capstone.source_not_null_ecommerce_product_category_name_translation_string_field_0.141d64a8d4
12:59:26.044392 [debug] [Thread-4  ]: Compiling test.capstone.source_not_null_ecommerce_product_category_name_translation_string_field_0.141d64a8d4
12:59:26.047910 [debug] [Thread-4  ]: Writing injected SQL for node "test.capstone.source_not_null_ecommerce_product_category_name_translation_string_field_0.141d64a8d4"
12:59:26.048570 [debug] [Thread-4  ]: finished collecting timing info
12:59:26.048723 [debug] [Thread-4  ]: Began executing node test.capstone.source_not_null_ecommerce_product_category_name_translation_string_field_0.141d64a8d4
12:59:26.050065 [debug] [Thread-4  ]: Writing runtime SQL for node "test.capstone.source_not_null_ecommerce_product_category_name_translation_string_field_0.141d64a8d4"
12:59:26.050380 [debug] [Thread-4  ]: Opening a new connection, currently in state closed
12:59:26.050541 [debug] [Thread-4  ]: On test.capstone.source_not_null_ecommerce_product_category_name_translation_string_field_0.141d64a8d4: /* {"app": "dbt", "dbt_version": "1.1.0", "profile_name": "capstone", "target_name": "dev", "node_id": "test.capstone.source_not_null_ecommerce_product_category_name_translation_string_field_0.141d64a8d4"} */
select
      count(*) as failures,
      count(*) != 0 as should_warn,
      count(*) != 0 as should_error
    from (
      
    
    



select string_field_0
from `ae-capstone-raw`.`ecommerce`.`product_category_name_translation`
where string_field_0 is null



      
    ) dbt_internal_test
12:59:27.221556 [debug] [Thread-2  ]: finished collecting timing info
12:59:27.222455 [info ] [Thread-2  ]: 7 of 18 PASS source_not_null_ecommerce_orders_order_purchase_timestamp ......... [[32mPASS[0m in 1.23s]
12:59:27.223263 [debug] [Thread-2  ]: Finished running node test.capstone.source_not_null_ecommerce_orders_order_purchase_timestamp.3256e3374f
12:59:27.223683 [debug] [Thread-2  ]: Began running node test.capstone.source_not_null_ecommerce_products_product_id.332a72f9ae
12:59:27.224186 [info ] [Thread-2  ]: 9 of 18 START test source_not_null_ecommerce_products_product_id ............... [RUN]
12:59:27.225053 [debug] [Thread-2  ]: Acquiring new bigquery connection "test.capstone.source_not_null_ecommerce_products_product_id.332a72f9ae"
12:59:27.225451 [debug] [Thread-2  ]: Began compiling node test.capstone.source_not_null_ecommerce_products_product_id.332a72f9ae
12:59:27.225753 [debug] [Thread-2  ]: Compiling test.capstone.source_not_null_ecommerce_products_product_id.332a72f9ae
12:59:27.230682 [debug] [Thread-2  ]: Writing injected SQL for node "test.capstone.source_not_null_ecommerce_products_product_id.332a72f9ae"
12:59:27.231454 [debug] [Thread-2  ]: finished collecting timing info
12:59:27.231712 [debug] [Thread-2  ]: Began executing node test.capstone.source_not_null_ecommerce_products_product_id.332a72f9ae
12:59:27.233794 [debug] [Thread-2  ]: Writing runtime SQL for node "test.capstone.source_not_null_ecommerce_products_product_id.332a72f9ae"
12:59:27.234373 [debug] [Thread-2  ]: Opening a new connection, currently in state closed
12:59:27.234611 [debug] [Thread-2  ]: On test.capstone.source_not_null_ecommerce_products_product_id.332a72f9ae: /* {"app": "dbt", "dbt_version": "1.1.0", "profile_name": "capstone", "target_name": "dev", "node_id": "test.capstone.source_not_null_ecommerce_products_product_id.332a72f9ae"} */
select
      count(*) as failures,
      count(*) != 0 as should_warn,
      count(*) != 0 as should_error
    from (
      
    
    



select product_id
from `ae-capstone-raw`.`ecommerce`.`products`
where product_id is null



      
    ) dbt_internal_test
12:59:27.237460 [debug] [Thread-3  ]: finished collecting timing info
12:59:27.238205 [info ] [Thread-3  ]: 6 of 18 PASS source_not_null_ecommerce_orders_order_id ......................... [[32mPASS[0m in 1.28s]
12:59:27.238702 [debug] [Thread-3  ]: Finished running node test.capstone.source_not_null_ecommerce_orders_order_id.be9cf9aeff
12:59:27.239226 [debug] [Thread-3  ]: Began running node test.capstone.source_not_null_ecommerce_sellers_seller_id.c8e73c725b
12:59:27.239466 [info ] [Thread-3  ]: 10 of 18 START test source_not_null_ecommerce_sellers_seller_id ................ [RUN]
12:59:27.240529 [debug] [Thread-3  ]: Acquiring new bigquery connection "test.capstone.source_not_null_ecommerce_sellers_seller_id.c8e73c725b"
12:59:27.240879 [debug] [Thread-3  ]: Began compiling node test.capstone.source_not_null_ecommerce_sellers_seller_id.c8e73c725b
12:59:27.241104 [debug] [Thread-3  ]: Compiling test.capstone.source_not_null_ecommerce_sellers_seller_id.c8e73c725b
12:59:27.246275 [debug] [Thread-3  ]: Writing injected SQL for node "test.capstone.source_not_null_ecommerce_sellers_seller_id.c8e73c725b"
12:59:27.246919 [debug] [Thread-3  ]: finished collecting timing info
12:59:27.247130 [debug] [Thread-3  ]: Began executing node test.capstone.source_not_null_ecommerce_sellers_seller_id.c8e73c725b
12:59:27.249187 [debug] [Thread-3  ]: Writing runtime SQL for node "test.capstone.source_not_null_ecommerce_sellers_seller_id.c8e73c725b"
12:59:27.249719 [debug] [Thread-3  ]: Opening a new connection, currently in state closed
12:59:27.249958 [debug] [Thread-3  ]: On test.capstone.source_not_null_ecommerce_sellers_seller_id.c8e73c725b: /* {"app": "dbt", "dbt_version": "1.1.0", "profile_name": "capstone", "target_name": "dev", "node_id": "test.capstone.source_not_null_ecommerce_sellers_seller_id.c8e73c725b"} */
select
      count(*) as failures,
      count(*) != 0 as should_warn,
      count(*) != 0 as should_error
    from (
      
    
    



select seller_id
from `ae-capstone-raw`.`ecommerce`.`sellers`
where seller_id is null



      
    ) dbt_internal_test
12:59:27.259493 [debug] [Thread-1  ]: finished collecting timing info
12:59:27.260136 [info ] [Thread-1  ]: 5 of 18 PASS source_not_null_ecommerce_order_reviews_review_answer_timestamp ... [[32mPASS[0m in 1.33s]
12:59:27.260639 [debug] [Thread-1  ]: Finished running node test.capstone.source_not_null_ecommerce_order_reviews_review_answer_timestamp.bc84aa7fd8
12:59:27.260848 [debug] [Thread-1  ]: Began running node test.capstone.source_null_value_threshold_ecommerce_orders_order_approved_at__0_005.cbad9d4050
12:59:27.261034 [info ] [Thread-1  ]: 11 of 18 START test source_null_value_threshold_ecommerce_orders_order_approved_at__0_005  [RUN]
12:59:27.261634 [debug] [Thread-1  ]: Acquiring new bigquery connection "test.capstone.source_null_value_threshold_ecommerce_orders_order_approved_at__0_005.cbad9d4050"
12:59:27.262020 [debug] [Thread-1  ]: Began compiling node test.capstone.source_null_value_threshold_ecommerce_orders_order_approved_at__0_005.cbad9d4050
12:59:27.262228 [debug] [Thread-1  ]: Compiling test.capstone.source_null_value_threshold_ecommerce_orders_order_approved_at__0_005.cbad9d4050
12:59:27.266281 [debug] [Thread-1  ]: Writing injected SQL for node "test.capstone.source_null_value_threshold_ecommerce_orders_order_approved_at__0_005.cbad9d4050"
12:59:27.267332 [debug] [Thread-1  ]: finished collecting timing info
12:59:27.267495 [debug] [Thread-1  ]: Began executing node test.capstone.source_null_value_threshold_ecommerce_orders_order_approved_at__0_005.cbad9d4050
12:59:27.269116 [debug] [Thread-1  ]: Opening a new connection, currently in state closed
12:59:27.307107 [debug] [Thread-4  ]: finished collecting timing info
12:59:27.307511 [info ] [Thread-4  ]: 8 of 18 PASS source_not_null_ecommerce_product_category_name_translation_string_field_0  [[32mPASS[0m in 1.26s]
12:59:27.307855 [debug] [Thread-4  ]: Finished running node test.capstone.source_not_null_ecommerce_product_category_name_translation_string_field_0.141d64a8d4
12:59:27.308015 [debug] [Thread-4  ]: Began running node test.capstone.source_null_value_threshold_ecommerce_orders_order_delivered_carrier_date__0_02.e5e265b540
12:59:27.308147 [info ] [Thread-4  ]: 12 of 18 START test source_null_value_threshold_ecommerce_orders_order_delivered_carrier_date__0_02  [RUN]
12:59:27.308495 [debug] [Thread-4  ]: Acquiring new bigquery connection "test.capstone.source_null_value_threshold_ecommerce_orders_order_delivered_carrier_date__0_02.e5e265b540"
12:59:27.308627 [debug] [Thread-4  ]: Began compiling node test.capstone.source_null_value_threshold_ecommerce_orders_order_delivered_carrier_date__0_02.e5e265b540
12:59:27.308824 [debug] [Thread-4  ]: Compiling test.capstone.source_null_value_threshold_ecommerce_orders_order_delivered_carrier_date__0_02.e5e265b540
12:59:27.313819 [debug] [Thread-4  ]: Writing injected SQL for node "test.capstone.source_null_value_threshold_ecommerce_orders_order_delivered_carrier_date__0_02.e5e265b540"
12:59:27.315173 [debug] [Thread-4  ]: finished collecting timing info
12:59:27.315318 [debug] [Thread-4  ]: Began executing node test.capstone.source_null_value_threshold_ecommerce_orders_order_delivered_carrier_date__0_02.e5e265b540
12:59:27.316667 [debug] [Thread-4  ]: Opening a new connection, currently in state closed
12:59:27.609457 [debug] [Thread-4  ]: On test.capstone.source_null_value_threshold_ecommerce_orders_order_delivered_carrier_date__0_02.e5e265b540: /* {"app": "dbt", "dbt_version": "1.1.0", "profile_name": "capstone", "target_name": "dev", "node_id": "test.capstone.source_null_value_threshold_ecommerce_orders_order_delivered_carrier_date__0_02.e5e265b540"} */

        

  create or replace table `ae-capstone-transformed`.`dbt_ksand_dbt_test__audit`.`source_null_value_threshold_ec_de42632258650f00b571e88ac1d6697a`
  
  
  OPTIONS()
  as (
    



--Ensure that null values in a given column do not exceed a given percentage.

with calc as (
  select
    count(case when order_delivered_carrier_date is null then 1 end)/count(*) as null_percent
  FROM `ae-capstone-raw`.`ecommerce`.`orders` 
)

select * from calc
where null_percent > 0.02


  );
    
12:59:27.805206 [debug] [Thread-1  ]: On test.capstone.source_null_value_threshold_ecommerce_orders_order_approved_at__0_005.cbad9d4050: /* {"app": "dbt", "dbt_version": "1.1.0", "profile_name": "capstone", "target_name": "dev", "node_id": "test.capstone.source_null_value_threshold_ecommerce_orders_order_approved_at__0_005.cbad9d4050"} */

        

  create or replace table `ae-capstone-transformed`.`dbt_ksand_dbt_test__audit`.`source_null_value_threshold_ec_04387a755730ffa94dc998756f8f47ef`
  
  
  OPTIONS()
  as (
    



--Ensure that null values in a given column do not exceed a given percentage.

with calc as (
  select
    count(case when order_approved_at is null then 1 end)/count(*) as null_percent
  FROM `ae-capstone-raw`.`ecommerce`.`orders` 
)

select * from calc
where null_percent > 0.005


  );
    
12:59:28.489126 [debug] [Thread-2  ]: finished collecting timing info
12:59:28.490776 [info ] [Thread-2  ]: 9 of 18 PASS source_not_null_ecommerce_products_product_id ..................... [[32mPASS[0m in 1.27s]
12:59:28.491877 [debug] [Thread-2  ]: Finished running node test.capstone.source_not_null_ecommerce_products_product_id.332a72f9ae
12:59:28.492374 [debug] [Thread-2  ]: Began running node test.capstone.source_null_value_threshold_ecommerce_orders_order_delivered_customer_date__0_03.9046ff6ff5
12:59:28.492912 [info ] [Thread-2  ]: 13 of 18 START test source_null_value_threshold_ecommerce_orders_order_delivered_customer_date__0_03  [RUN]
12:59:28.493791 [debug] [Thread-2  ]: Acquiring new bigquery connection "test.capstone.source_null_value_threshold_ecommerce_orders_order_delivered_customer_date__0_03.9046ff6ff5"
12:59:28.494390 [debug] [Thread-2  ]: Began compiling node test.capstone.source_null_value_threshold_ecommerce_orders_order_delivered_customer_date__0_03.9046ff6ff5
12:59:28.494861 [debug] [Thread-2  ]: Compiling test.capstone.source_null_value_threshold_ecommerce_orders_order_delivered_customer_date__0_03.9046ff6ff5
12:59:28.499948 [debug] [Thread-2  ]: Writing injected SQL for node "test.capstone.source_null_value_threshold_ecommerce_orders_order_delivered_customer_date__0_03.9046ff6ff5"
12:59:28.502389 [debug] [Thread-2  ]: finished collecting timing info
12:59:28.502618 [debug] [Thread-2  ]: Began executing node test.capstone.source_null_value_threshold_ecommerce_orders_order_delivered_customer_date__0_03.9046ff6ff5
12:59:28.504678 [debug] [Thread-2  ]: Opening a new connection, currently in state closed
12:59:28.552290 [debug] [Thread-3  ]: finished collecting timing info
12:59:28.552782 [info ] [Thread-3  ]: 10 of 18 PASS source_not_null_ecommerce_sellers_seller_id ...................... [[32mPASS[0m in 1.31s]
12:59:28.553241 [debug] [Thread-3  ]: Finished running node test.capstone.source_not_null_ecommerce_sellers_seller_id.c8e73c725b
12:59:28.553514 [debug] [Thread-3  ]: Began running node test.capstone.source_null_value_threshold_ecommerce_products_product_category_name__0_02.d694971bdf
12:59:28.553971 [info ] [Thread-3  ]: 14 of 18 START test source_null_value_threshold_ecommerce_products_product_category_name__0_02  [RUN]
12:59:28.554514 [debug] [Thread-3  ]: Acquiring new bigquery connection "test.capstone.source_null_value_threshold_ecommerce_products_product_category_name__0_02.d694971bdf"
12:59:28.554697 [debug] [Thread-3  ]: Began compiling node test.capstone.source_null_value_threshold_ecommerce_products_product_category_name__0_02.d694971bdf
12:59:28.554881 [debug] [Thread-3  ]: Compiling test.capstone.source_null_value_threshold_ecommerce_products_product_category_name__0_02.d694971bdf
12:59:28.559446 [debug] [Thread-3  ]: Writing injected SQL for node "test.capstone.source_null_value_threshold_ecommerce_products_product_category_name__0_02.d694971bdf"
12:59:28.560928 [debug] [Thread-3  ]: finished collecting timing info
12:59:28.561162 [debug] [Thread-3  ]: Began executing node test.capstone.source_null_value_threshold_ecommerce_products_product_category_name__0_02.d694971bdf
12:59:28.563132 [debug] [Thread-3  ]: Opening a new connection, currently in state closed
12:59:28.740710 [debug] [Thread-2  ]: On test.capstone.source_null_value_threshold_ecommerce_orders_order_delivered_customer_date__0_03.9046ff6ff5: /* {"app": "dbt", "dbt_version": "1.1.0", "profile_name": "capstone", "target_name": "dev", "node_id": "test.capstone.source_null_value_threshold_ecommerce_orders_order_delivered_customer_date__0_03.9046ff6ff5"} */

        

  create or replace table `ae-capstone-transformed`.`dbt_ksand_dbt_test__audit`.`source_null_value_threshold_ec_039ef6fcf8a446f0642ffeda4504ec91`
  
  
  OPTIONS()
  as (
    



--Ensure that null values in a given column do not exceed a given percentage.

with calc as (
  select
    count(case when order_delivered_customer_date is null then 1 end)/count(*) as null_percent
  FROM `ae-capstone-raw`.`ecommerce`.`orders` 
)

select * from calc
where null_percent > 0.03


  );
    
12:59:28.884651 [debug] [Thread-3  ]: On test.capstone.source_null_value_threshold_ecommerce_products_product_category_name__0_02.d694971bdf: /* {"app": "dbt", "dbt_version": "1.1.0", "profile_name": "capstone", "target_name": "dev", "node_id": "test.capstone.source_null_value_threshold_ecommerce_products_product_category_name__0_02.d694971bdf"} */

        

  create or replace table `ae-capstone-transformed`.`dbt_ksand_dbt_test__audit`.`source_null_value_threshold_ec_da88b381a620f811f26c6578ad2b9e84`
  
  
  OPTIONS()
  as (
    



--Ensure that null values in a given column do not exceed a given percentage.

with calc as (
  select
    count(case when product_category_name is null then 1 end)/count(*) as null_percent
  FROM `ae-capstone-raw`.`ecommerce`.`products` 
)

select * from calc
where null_percent > 0.02


  );
    
12:59:30.872531 [debug] [Thread-4  ]: Writing runtime SQL for node "test.capstone.source_null_value_threshold_ecommerce_orders_order_delivered_carrier_date__0_02.e5e265b540"
12:59:30.873449 [debug] [Thread-4  ]: On test.capstone.source_null_value_threshold_ecommerce_orders_order_delivered_carrier_date__0_02.e5e265b540: /* {"app": "dbt", "dbt_version": "1.1.0", "profile_name": "capstone", "target_name": "dev", "node_id": "test.capstone.source_null_value_threshold_ecommerce_orders_order_delivered_carrier_date__0_02.e5e265b540"} */
select
      count(*) as failures,
      count(*) != 0 as should_warn,
      count(*) != 0 as should_error
    from (
      
        select *
        from `ae-capstone-transformed`.`dbt_ksand_dbt_test__audit`.`source_null_value_threshold_ec_de42632258650f00b571e88ac1d6697a`
    
      
    ) dbt_internal_test
12:59:30.882608 [debug] [Thread-2  ]: Writing runtime SQL for node "test.capstone.source_null_value_threshold_ecommerce_orders_order_delivered_customer_date__0_03.9046ff6ff5"
12:59:30.916265 [debug] [Thread-2  ]: On test.capstone.source_null_value_threshold_ecommerce_orders_order_delivered_customer_date__0_03.9046ff6ff5: /* {"app": "dbt", "dbt_version": "1.1.0", "profile_name": "capstone", "target_name": "dev", "node_id": "test.capstone.source_null_value_threshold_ecommerce_orders_order_delivered_customer_date__0_03.9046ff6ff5"} */
select
      count(*) as failures,
      count(*) != 0 as should_warn,
      count(*) != 0 as should_error
    from (
      
        select *
        from `ae-capstone-transformed`.`dbt_ksand_dbt_test__audit`.`source_null_value_threshold_ec_039ef6fcf8a446f0642ffeda4504ec91`
    
      
    ) dbt_internal_test
12:59:31.182002 [debug] [Thread-1  ]: Writing runtime SQL for node "test.capstone.source_null_value_threshold_ecommerce_orders_order_approved_at__0_005.cbad9d4050"
12:59:31.184654 [debug] [Thread-1  ]: On test.capstone.source_null_value_threshold_ecommerce_orders_order_approved_at__0_005.cbad9d4050: /* {"app": "dbt", "dbt_version": "1.1.0", "profile_name": "capstone", "target_name": "dev", "node_id": "test.capstone.source_null_value_threshold_ecommerce_orders_order_approved_at__0_005.cbad9d4050"} */
select
      count(*) as failures,
      count(*) != 0 as should_warn,
      count(*) != 0 as should_error
    from (
      
        select *
        from `ae-capstone-transformed`.`dbt_ksand_dbt_test__audit`.`source_null_value_threshold_ec_04387a755730ffa94dc998756f8f47ef`
    
      
    ) dbt_internal_test
12:59:31.249793 [debug] [Thread-3  ]: Writing runtime SQL for node "test.capstone.source_null_value_threshold_ecommerce_products_product_category_name__0_02.d694971bdf"
12:59:31.251736 [debug] [Thread-3  ]: On test.capstone.source_null_value_threshold_ecommerce_products_product_category_name__0_02.d694971bdf: /* {"app": "dbt", "dbt_version": "1.1.0", "profile_name": "capstone", "target_name": "dev", "node_id": "test.capstone.source_null_value_threshold_ecommerce_products_product_category_name__0_02.d694971bdf"} */
select
      count(*) as failures,
      count(*) != 0 as should_warn,
      count(*) != 0 as should_error
    from (
      
        select *
        from `ae-capstone-transformed`.`dbt_ksand_dbt_test__audit`.`source_null_value_threshold_ec_da88b381a620f811f26c6578ad2b9e84`
    
      
    ) dbt_internal_test
12:59:31.958950 [debug] [Thread-2  ]: finished collecting timing info
12:59:31.961334 [info ] [Thread-2  ]: 13 of 18 PASS source_null_value_threshold_ecommerce_orders_order_delivered_customer_date__0_03  [[32mPASS[0m in 3.47s]
12:59:31.962259 [debug] [Thread-2  ]: Finished running node test.capstone.source_null_value_threshold_ecommerce_orders_order_delivered_customer_date__0_03.9046ff6ff5
12:59:31.962510 [debug] [Thread-2  ]: Began running node test.capstone.source_unique_ecommerce_customers_customer_id.66bef771dd
12:59:31.962797 [info ] [Thread-2  ]: 15 of 18 START test source_unique_ecommerce_customers_customer_id .............. [RUN]
12:59:31.963375 [debug] [Thread-2  ]: Acquiring new bigquery connection "test.capstone.source_unique_ecommerce_customers_customer_id.66bef771dd"
12:59:31.963572 [debug] [Thread-2  ]: Began compiling node test.capstone.source_unique_ecommerce_customers_customer_id.66bef771dd
12:59:31.963746 [debug] [Thread-2  ]: Compiling test.capstone.source_unique_ecommerce_customers_customer_id.66bef771dd
12:59:31.971439 [debug] [Thread-2  ]: Writing injected SQL for node "test.capstone.source_unique_ecommerce_customers_customer_id.66bef771dd"
12:59:31.971946 [debug] [Thread-2  ]: finished collecting timing info
12:59:31.972083 [debug] [Thread-2  ]: Began executing node test.capstone.source_unique_ecommerce_customers_customer_id.66bef771dd
12:59:31.973639 [debug] [Thread-2  ]: Writing runtime SQL for node "test.capstone.source_unique_ecommerce_customers_customer_id.66bef771dd"
12:59:31.974182 [debug] [Thread-2  ]: Opening a new connection, currently in state closed
12:59:31.974386 [debug] [Thread-2  ]: On test.capstone.source_unique_ecommerce_customers_customer_id.66bef771dd: /* {"app": "dbt", "dbt_version": "1.1.0", "profile_name": "capstone", "target_name": "dev", "node_id": "test.capstone.source_unique_ecommerce_customers_customer_id.66bef771dd"} */
select
      count(*) as failures,
      count(*) != 0 as should_warn,
      count(*) != 0 as should_error
    from (
      
    
    

with dbt_test__target as (

  select customer_id as unique_field
  from `ae-capstone-raw`.`ecommerce`.`customers`
  where customer_id is not null

)

select
    unique_field,
    count(*) as n_records

from dbt_test__target
group by unique_field
having count(*) > 1



      
    ) dbt_internal_test
12:59:32.297885 [debug] [Thread-1  ]: finished collecting timing info
12:59:32.298835 [info ] [Thread-1  ]: 11 of 18 PASS source_null_value_threshold_ecommerce_orders_order_approved_at__0_005  [[32mPASS[0m in 5.04s]
12:59:32.299730 [debug] [Thread-1  ]: Finished running node test.capstone.source_null_value_threshold_ecommerce_orders_order_approved_at__0_005.cbad9d4050
12:59:32.300296 [debug] [Thread-1  ]: Began running node test.capstone.source_unique_ecommerce_orders_order_id.66476b7909
12:59:32.300756 [info ] [Thread-1  ]: 16 of 18 START test source_unique_ecommerce_orders_order_id .................... [RUN]
12:59:32.301595 [debug] [Thread-1  ]: Acquiring new bigquery connection "test.capstone.source_unique_ecommerce_orders_order_id.66476b7909"
12:59:32.301930 [debug] [Thread-1  ]: Began compiling node test.capstone.source_unique_ecommerce_orders_order_id.66476b7909
12:59:32.302231 [debug] [Thread-1  ]: Compiling test.capstone.source_unique_ecommerce_orders_order_id.66476b7909
12:59:32.308394 [debug] [Thread-4  ]: finished collecting timing info
12:59:32.309714 [debug] [Thread-1  ]: Writing injected SQL for node "test.capstone.source_unique_ecommerce_orders_order_id.66476b7909"
12:59:32.309991 [info ] [Thread-4  ]: 12 of 18 PASS source_null_value_threshold_ecommerce_orders_order_delivered_carrier_date__0_02  [[32mPASS[0m in 5.00s]
12:59:32.310502 [debug] [Thread-4  ]: Finished running node test.capstone.source_null_value_threshold_ecommerce_orders_order_delivered_carrier_date__0_02.e5e265b540
12:59:32.310699 [debug] [Thread-4  ]: Began running node test.capstone.source_unique_ecommerce_products_product_id.c2fdfe77f9
12:59:32.310939 [info ] [Thread-4  ]: 17 of 18 START test source_unique_ecommerce_products_product_id ................ [RUN]
12:59:32.311310 [debug] [Thread-4  ]: Acquiring new bigquery connection "test.capstone.source_unique_ecommerce_products_product_id.c2fdfe77f9"
12:59:32.311446 [debug] [Thread-1  ]: finished collecting timing info
12:59:32.311569 [debug] [Thread-4  ]: Began compiling node test.capstone.source_unique_ecommerce_products_product_id.c2fdfe77f9
12:59:32.311709 [debug] [Thread-1  ]: Began executing node test.capstone.source_unique_ecommerce_orders_order_id.66476b7909
12:59:32.311836 [debug] [Thread-4  ]: Compiling test.capstone.source_unique_ecommerce_products_product_id.c2fdfe77f9
12:59:32.356430 [debug] [Thread-4  ]: Writing injected SQL for node "test.capstone.source_unique_ecommerce_products_product_id.c2fdfe77f9"
12:59:32.357648 [debug] [Thread-4  ]: finished collecting timing info
12:59:32.357878 [debug] [Thread-4  ]: Began executing node test.capstone.source_unique_ecommerce_products_product_id.c2fdfe77f9
12:59:32.359567 [debug] [Thread-4  ]: Writing runtime SQL for node "test.capstone.source_unique_ecommerce_products_product_id.c2fdfe77f9"
12:59:32.360191 [debug] [Thread-4  ]: Opening a new connection, currently in state closed
12:59:32.360692 [debug] [Thread-4  ]: On test.capstone.source_unique_ecommerce_products_product_id.c2fdfe77f9: /* {"app": "dbt", "dbt_version": "1.1.0", "profile_name": "capstone", "target_name": "dev", "node_id": "test.capstone.source_unique_ecommerce_products_product_id.c2fdfe77f9"} */
select
      count(*) as failures,
      count(*) != 0 as should_warn,
      count(*) != 0 as should_error
    from (
      
    
    

with dbt_test__target as (

  select product_id as unique_field
  from `ae-capstone-raw`.`ecommerce`.`products`
  where product_id is not null

)

select
    unique_field,
    count(*) as n_records

from dbt_test__target
group by unique_field
having count(*) > 1



      
    ) dbt_internal_test
12:59:32.362611 [debug] [Thread-1  ]: Writing runtime SQL for node "test.capstone.source_unique_ecommerce_orders_order_id.66476b7909"
12:59:32.363705 [debug] [Thread-1  ]: Opening a new connection, currently in state closed
12:59:32.363920 [debug] [Thread-1  ]: On test.capstone.source_unique_ecommerce_orders_order_id.66476b7909: /* {"app": "dbt", "dbt_version": "1.1.0", "profile_name": "capstone", "target_name": "dev", "node_id": "test.capstone.source_unique_ecommerce_orders_order_id.66476b7909"} */
select
      count(*) as failures,
      count(*) != 0 as should_warn,
      count(*) != 0 as should_error
    from (
      
    
    

with dbt_test__target as (

  select order_id as unique_field
  from `ae-capstone-raw`.`ecommerce`.`orders`
  where order_id is not null

)

select
    unique_field,
    count(*) as n_records

from dbt_test__target
group by unique_field
having count(*) > 1



      
    ) dbt_internal_test
12:59:32.629840 [debug] [Thread-3  ]: finished collecting timing info
12:59:32.631658 [info ] [Thread-3  ]: 14 of 18 PASS source_null_value_threshold_ecommerce_products_product_category_name__0_02  [[32mPASS[0m in 4.08s]
12:59:32.632695 [debug] [Thread-3  ]: Finished running node test.capstone.source_null_value_threshold_ecommerce_products_product_category_name__0_02.d694971bdf
12:59:32.633098 [debug] [Thread-3  ]: Began running node test.capstone.source_unique_ecommerce_sellers_seller_id.4af18ba305
12:59:32.633410 [info ] [Thread-3  ]: 18 of 18 START test source_unique_ecommerce_sellers_seller_id .................. [RUN]
12:59:32.634466 [debug] [Thread-3  ]: Acquiring new bigquery connection "test.capstone.source_unique_ecommerce_sellers_seller_id.4af18ba305"
12:59:32.634802 [debug] [Thread-3  ]: Began compiling node test.capstone.source_unique_ecommerce_sellers_seller_id.4af18ba305
12:59:32.634993 [debug] [Thread-3  ]: Compiling test.capstone.source_unique_ecommerce_sellers_seller_id.4af18ba305
12:59:32.639418 [debug] [Thread-3  ]: Writing injected SQL for node "test.capstone.source_unique_ecommerce_sellers_seller_id.4af18ba305"
12:59:32.640057 [debug] [Thread-3  ]: finished collecting timing info
12:59:32.640263 [debug] [Thread-3  ]: Began executing node test.capstone.source_unique_ecommerce_sellers_seller_id.4af18ba305
12:59:32.642026 [debug] [Thread-3  ]: Writing runtime SQL for node "test.capstone.source_unique_ecommerce_sellers_seller_id.4af18ba305"
12:59:32.642513 [debug] [Thread-3  ]: Opening a new connection, currently in state closed
12:59:32.642746 [debug] [Thread-3  ]: On test.capstone.source_unique_ecommerce_sellers_seller_id.4af18ba305: /* {"app": "dbt", "dbt_version": "1.1.0", "profile_name": "capstone", "target_name": "dev", "node_id": "test.capstone.source_unique_ecommerce_sellers_seller_id.4af18ba305"} */
select
      count(*) as failures,
      count(*) != 0 as should_warn,
      count(*) != 0 as should_error
    from (
      
    
    

with dbt_test__target as (

  select seller_id as unique_field
  from `ae-capstone-raw`.`ecommerce`.`sellers`
  where seller_id is not null

)

select
    unique_field,
    count(*) as n_records

from dbt_test__target
group by unique_field
having count(*) > 1



      
    ) dbt_internal_test
12:59:33.442313 [debug] [Thread-2  ]: finished collecting timing info
12:59:33.444026 [info ] [Thread-2  ]: 15 of 18 PASS source_unique_ecommerce_customers_customer_id .................... [[32mPASS[0m in 1.48s]
12:59:33.444970 [debug] [Thread-2  ]: Finished running node test.capstone.source_unique_ecommerce_customers_customer_id.66bef771dd
12:59:33.835025 [debug] [Thread-4  ]: finished collecting timing info
12:59:33.836030 [info ] [Thread-4  ]: 17 of 18 PASS source_unique_ecommerce_products_product_id ...................... [[32mPASS[0m in 1.52s]
12:59:33.837164 [debug] [Thread-4  ]: Finished running node test.capstone.source_unique_ecommerce_products_product_id.c2fdfe77f9
12:59:33.963949 [debug] [Thread-1  ]: finished collecting timing info
12:59:33.965365 [debug] [Thread-3  ]: finished collecting timing info
12:59:33.966605 [info ] [Thread-1  ]: 16 of 18 PASS source_unique_ecommerce_orders_order_id .......................... [[32mPASS[0m in 1.67s]
12:59:33.967532 [info ] [Thread-3  ]: 18 of 18 PASS source_unique_ecommerce_sellers_seller_id ........................ [[32mPASS[0m in 1.33s]
12:59:33.968278 [debug] [Thread-1  ]: Finished running node test.capstone.source_unique_ecommerce_orders_order_id.66476b7909
12:59:33.968718 [debug] [Thread-3  ]: Finished running node test.capstone.source_unique_ecommerce_sellers_seller_id.4af18ba305
12:59:33.971008 [debug] [MainThread]: Acquiring new bigquery connection "master"
12:59:33.971431 [info ] [MainThread]: 
12:59:33.971756 [info ] [MainThread]: Finished running 18 tests in 10.74s.
12:59:33.972058 [debug] [MainThread]: Connection 'master' was properly closed.
12:59:33.972216 [debug] [MainThread]: Connection 'test.capstone.source_unique_ecommerce_orders_order_id.66476b7909' was properly closed.
12:59:33.972360 [debug] [MainThread]: Connection 'test.capstone.source_unique_ecommerce_customers_customer_id.66bef771dd' was properly closed.
12:59:33.972499 [debug] [MainThread]: Connection 'test.capstone.source_unique_ecommerce_sellers_seller_id.4af18ba305' was properly closed.
12:59:33.972640 [debug] [MainThread]: Connection 'test.capstone.source_unique_ecommerce_products_product_id.c2fdfe77f9' was properly closed.
12:59:33.981277 [info ] [MainThread]: 
12:59:33.981637 [info ] [MainThread]: [32mCompleted successfully[0m
12:59:33.982007 [info ] [MainThread]: 
12:59:33.982289 [info ] [MainThread]: Done. PASS=18 WARN=0 ERROR=0 SKIP=0 TOTAL=18
12:59:33.982671 [debug] [MainThread]: Sending event: {'category': 'dbt', 'action': 'invocation', 'label': 'end', 'context': [<snowplow_tracker.self_describing_json.SelfDescribingJson object at 0x7fda6ae974f0>, <snowplow_tracker.self_describing_json.SelfDescribingJson object at 0x7fda6ae97490>, <snowplow_tracker.self_describing_json.SelfDescribingJson object at 0x7fda6af192e0>]}
